0 info it worked if it ends with ok
1 verbose cli [ '/Users/godai/.anyenv/envs/ndenv/versions/v6.9.4/bin/node',
1 verbose cli   '/Users/godai/.anyenv/envs/ndenv/versions/v6.9.4/bin/npm',
1 verbose cli   'run',
1 verbose cli   'start' ]
2 info using npm@3.10.10
3 info using node@v6.9.4
4 verbose run-script [ 'prestart', 'start', 'poststart' ]
5 info lifecycle FormCompleter@0.0.1~prestart: FormCompleter@0.0.1
6 silly lifecycle FormCompleter@0.0.1~prestart: no script for prestart, continuing
7 info lifecycle FormCompleter@0.0.1~start: FormCompleter@0.0.1
8 verbose lifecycle FormCompleter@0.0.1~start: unsafe-perm in lifecycle true
9 verbose lifecycle FormCompleter@0.0.1~start: PATH: /Users/godai/.anyenv/envs/ndenv/versions/v6.9.4/lib/node_modules/npm/bin/node-gyp-bin:/Users/godai/projects/FormCompleter/node_modules/.bin:/Users/godai/.anyenv/envs/ndenv/versions/v6.9.4/bin:/Users/godai/.anyenv/envs/ndenv/libexec:/Users/godai/.anyenv/envs/ndenv/plugins/node-build/bin:/Users/godai/.anyenv/envs/ndenv/shims:/Users/godai/.anyenv/envs/ndenv/bin:/Users/godai/.anyenv/bin:/usr/local/bin:/usr/bin:/bin:/usr/sbin:/sbin
10 verbose lifecycle FormCompleter@0.0.1~start: CWD: /Users/godai/projects/FormCompleter
11 silly lifecycle FormCompleter@0.0.1~start: Args: [ '-c', 'gulp' ]
12 silly lifecycle FormCompleter@0.0.1~start: Returned: code: 1  signal: null
13 info lifecycle FormCompleter@0.0.1~start: Failed to exec start script
14 verbose stack Error: FormCompleter@0.0.1 start: `gulp`
14 verbose stack Exit status 1
14 verbose stack     at EventEmitter.<anonymous> (/Users/godai/.anyenv/envs/ndenv/versions/v6.9.4/lib/node_modules/npm/lib/utils/lifecycle.js:255:16)
14 verbose stack     at emitTwo (events.js:106:13)
14 verbose stack     at EventEmitter.emit (events.js:191:7)
14 verbose stack     at ChildProcess.<anonymous> (/Users/godai/.anyenv/envs/ndenv/versions/v6.9.4/lib/node_modules/npm/lib/utils/spawn.js:40:14)
14 verbose stack     at emitTwo (events.js:106:13)
14 verbose stack     at ChildProcess.emit (events.js:191:7)
14 verbose stack     at maybeClose (internal/child_process.js:877:16)
14 verbose stack     at Process.ChildProcess._handle.onexit (internal/child_process.js:226:5)
15 verbose pkgid FormCompleter@0.0.1
16 verbose cwd /Users/godai/projects/FormCompleter
17 error Darwin 16.7.0
18 error argv "/Users/godai/.anyenv/envs/ndenv/versions/v6.9.4/bin/node" "/Users/godai/.anyenv/envs/ndenv/versions/v6.9.4/bin/npm" "run" "start"
19 error node v6.9.4
20 error npm  v3.10.10
21 error code ELIFECYCLE
22 error FormCompleter@0.0.1 start: `gulp`
22 error Exit status 1
23 error Failed at the FormCompleter@0.0.1 start script 'gulp'.
23 error Make sure you have the latest version of node.js and npm installed.
23 error If you do, this is most likely a problem with the FormCompleter package,
23 error not with npm itself.
23 error Tell the author that this fails on your system:
23 error     gulp
23 error You can get information on how to open an issue for this project with:
23 error     npm bugs FormCompleter
23 error Or if that isn't available, you can get their info via:
23 error     npm owner ls FormCompleter
23 error There is likely additional logging output above.
24 verbose exit [ 1, true ]
